2018-06-18T10:13:21+00:00 CRITICAL Call to a member function get_checkout_fields() on null

2018-06-18T10:14:15+00:00 CRITICAL Call to a member function is_registration_enabled() on null

2018-06-18T10:14:20+00:00 CRITICAL Call to a member function is_registration_enabled() on null

2018-06-18T10:14:26+00:00 CRITICAL Call to a member function is_registration_enabled() on null

2018-06-18T11:33:31+00:00 CRITICAL Call to a member function get_checkout_fields() on null

2018-06-18T11:55:21+00:00 CRITICAL Call to a member function is_registration_enabled() on null

2018-06-18T11:55:37+00:00 CRITICAL Call to a member function get_checkout_fields() on null

2018-06-18T11:56:36+00:00 CRITICAL Call to a member function get_checkout_fields() on null

2018-06-18T11:56:46+00:00 CRITICAL Call to a member function get_checkout_fields() on null

2018-06-18T11:57:14+00:00 CRITICAL Call to a member function get_checkout_fields() on null

2018-06-18T11:57:48+00:00 CRITICAL Call to a member function get_order_number() on string

2018-06-18T12:06:56+00:00 CRITICAL Call to a member function is_registration_enabled() on null

2018-06-18T12:09:26+00:00 CRITICAL Call to a member function is_registration_enabled() on null

2018-06-18T12:37:14+00:00 CRITICAL Call to a member function get_checkout_fields() on null

2018-06-18T12:37:56+00:00 CRITICAL Call to a member function get_checkout_fields() on null

2018-06-18T14:26:36+00:00 CRITICAL Call to undefined function woocommerce_before_checkout_form()

2018-06-18T14:26:46+00:00 CRITICAL Call to undefined function woocommerce_before_checkout_form()

2018-06-18T14:26:52+00:00 CRITICAL Call to undefined function woocommerce_before_checkout_form()

2018-06-18T14:27:01+00:00 CRITICAL Call to undefined function woocommerce_before_checkout_form()

2018-06-18T14:46:01+00:00 CRITICAL Call to a member function get_checkout_fields() on null

2018-06-18T14:58:20+00:00 CRITICAL Call to a member function get_checkout_fields() on null

2018-06-18T14:58:38+00:00 CRITICAL Call to a member function get_checkout_fields() on null

2018-06-18T15:29:38+00:00 CRITICAL Call to a member function get_checkout_fields() on null

2018-06-18T15:33:13+00:00 CRITICAL Call to a member function get_checkout_fields() on null

2018-06-18T15:33:16+00:00 CRITICAL Call to a member function get_checkout_fields() on null

2018-06-18T15:33:17+00:00 CRITICAL Call to a member function get_checkout_fields() on null

2018-06-18T15:33:23+00:00 CRITICAL Call to a member function get_checkout_fields() on null

2018-06-18T15:33:30+00:00 CRITICAL Call to a member function get_checkout_fields() on null

2018-06-18T15:33:51+00:00 CRITICAL Call to a member function get_checkout_fields() on null

2018-06-18T16:29:11+00:00 CRITICAL Call to undefined function woocommerce_product_loop()

2018-06-18T18:09:18+00:00 CRITICAL Call to undefined function utput()

2018-06-18T18:09:45+00:00 CRITICAL Call to undefined function utput()

2018-06-18T18:10:25+00:00 CRITICAL Call to undefined method WC_Shortcode_Cart::utput()

2018-06-18T18:11:44+00:00 CRITICAL Call to undefined function utput()

